[13:43:39] 
==================================================
[13:43:39] FACE ATTENDANCE SYSTEM STARTING
[13:43:39] ==================================================
[13:43:39] Script directory: G:\face-attendance-app\face-attendance-app
[13:43:39] Images path: G:\face-attendance-app\face-attendance-app\images
[13:43:39] Attendance file: G:\face-attendance-app\face-attendance-app\attendance.csv
[13:43:39] ==================================================
[13:43:39] LOADING KNOWN FACES
[13:43:39] ==================================================
[13:43:39] Images path: G:\face-attendance-app\face-attendance-app\images
[13:43:39] Found 4 files
[13:43:47] 
==================================================
[13:43:47] STARTING CAMERA
[13:43:47] ==================================================
[13:43:47] 
Press 'q' to quit
[13:43:47] ==================================================

[13:43:49] Marking attendance for: gurpreet
[13:43:49] Creating new file: G:\face-attendance-app\face-attendance-app\attendance.csv
[13:43:49]   CSV size: 46 bytes
[14:06:13] 
==================================================
[14:06:13] FACE ATTENDANCE SYSTEM STARTING
[14:06:13] ==================================================
[14:06:13] Script directory: G:\face-attendance-app\face-attendance-app
[14:06:13] Images path: G:\face-attendance-app\face-attendance-app\images
[14:06:13] Attendance file: G:\face-attendance-app\face-attendance-app\attendance.csv
[14:06:13] ==================================================
[14:06:13] LOADING KNOWN FACES
[14:06:13] ==================================================
[14:06:13] Images path: G:\face-attendance-app\face-attendance-app\images
[14:06:13] Found 4 files
[14:06:19] 
==================================================
[14:06:19] STARTING CAMERA
[14:06:19] ==================================================
[14:06:19] 
Press 'q' to quit
[14:06:19] ==================================================

[14:06:23] Marking attendance for: navratkaur
[14:06:23]   CSV size: 78 bytes
[15:31:55] 
==================================================
[15:31:55] FACE ATTENDANCE SYSTEM STARTING
[15:31:55] ==================================================
[15:31:55] Script directory: G:\face-attendance-app\face-attendance-app
[15:31:55] Images path: G:\face-attendance-app\face-attendance-app\images
[15:31:55] Attendance file: G:\face-attendance-app\face-attendance-app\attendance.csv
[15:31:55] ==================================================
[15:31:55] LOADING KNOWN FACES
[15:31:55] ==================================================
[15:31:55] Images path: G:\face-attendance-app\face-attendance-app\images
[15:31:55] Found 4 files
[15:32:01] 
==================================================
[15:32:01] STARTING CAMERA
[15:32:01] ==================================================
[15:32:02] 
Press 'q' to quit
[15:32:02] ==================================================

[15:32:16] Marking attendance for: harman
[15:32:16]   CSV size: 106 bytes
[15:59:03] 
==================================================
[15:59:03] FACE ATTENDANCE SYSTEM STARTING
[15:59:03] ==================================================
[15:59:03] Script directory: G:\face-attendance-app\face-attendance-app
[15:59:03] Images path: G:\face-attendance-app\face-attendance-app\images
[15:59:03] Attendance file: G:\face-attendance-app\face-attendance-app\attendance.csv
[15:59:03] ==================================================
[15:59:03] LOADING KNOWN FACES
[15:59:03] ==================================================
[15:59:03] Images path: G:\face-attendance-app\face-attendance-app\images
[15:59:03] Found 5 files
[15:59:13] 
==================================================
[15:59:13] STARTING CAMERA
[15:59:13] ==================================================
[15:59:13] 
Press 'q' to quit
[15:59:13] ==================================================

[15:59:33] Marking attendance for: Bharat Tondon 
[15:59:33]   CSV size: 142 bytes
[16:00:55] Marking attendance for: kamaljeet
[16:00:55]   CSV size: 173 bytes
[16:12:35] 
==================================================
[16:12:35] FACE ATTENDANCE SYSTEM STARTING
[16:12:35] ==================================================
[16:12:35] Script directory: G:\face-attendance-app\face-attendance-app
[16:12:35] Images path: G:\face-attendance-app\face-attendance-app\images
[16:12:35] Attendance file: G:\face-attendance-app\face-attendance-app\attendance.csv
[16:12:35] ==================================================
[16:12:35] LOADING KNOWN FACES
[16:12:35] ==================================================
[16:12:35] Images path: G:\face-attendance-app\face-attendance-app\images
[16:12:35] Found 5 files
[16:12:42] 
==================================================
[16:12:42] STARTING CAMERA
[16:12:42] ==================================================
[16:12:43] 
Press 'q' to quit
[16:12:43] ==================================================

[16:12:45] Marking attendance for: gurpreet
[16:12:47] Marking attendance for: gurpreet
[16:12:48] Marking attendance for: gurpreet
[16:12:48] Marking attendance for: gurpreet
[16:12:49] Marking attendance for: gurpreet
[16:12:50] Marking attendance for: gurpreet
[16:12:50] Marking attendance for: gurpreet
[16:12:51] Marking attendance for: gurpreet
[16:12:52] Marking attendance for: gurpreet
[16:12:52] Marking attendance for: gurpreet
[16:12:53] Marking attendance for: gurpreet
[16:12:53] Marking attendance for: gurpreet
[16:12:54] Marking attendance for: gurpreet
[16:12:56] Marking attendance for: gurpreet
[16:12:57] Marking attendance for: gurpreet
